# JRE version: OpenJDK Runtime Environment (21.0.2+13) (build 21.0.2+13-58)
# Java VM: OpenJDK 64-Bit Server VM (21.0.2+13-58, mixed mode, sharing, tiered, compressed oops, compressed class ptrs, g1 gc, windows-amd64)
GC Precious Log:
 CardTable entry size: 512
 Card Set container configuration: InlinePtr #cards 4 size 8 Array Of Cards #cards 16 size 48 Howl #buckets 8 coarsen threshold 3686 Howl Bitmap #cards 512 size 80 coarsen threshold 460 Card regions per heap region 1 cards per card region 4096
 CPUs: 8 total, 8 available
 Memory: 16198M
 Large Page Support: Disabled
 NUMA Support: Disabled
 Compressed Oops: Enabled (Zero based)
 Heap Region Size: 2M
 Heap Min Capacity: 8M
 Heap Initial Capacity: 254M
 Heap Max Capacity: 4050M
 Pre-touch: Disabled
 Parallel Workers: 8
 Concurrent Workers: 2
 Concurrent Refinement Workers: 8
 Periodic GC: Disabled
Heap:
 garbage-first heap   total 61440K, used 44159K [0x0000000702e00000, 0x0000000800000000)
  region size 2048K, 10 young (20480K), 1 survivors (2048K)
 Metaspace       used 70326K, committed 71040K, reserved 1114112K
  class space    used 9269K, committed 9600K, reserved 1048576K
GC Heap History (20 events):
Event: 5.479 GC heap before
{Heap before GC invocations=2 (full 0):
 garbage-first heap   total 260096K, used 71356K [0x0000000702e00000, 0x0000000800000000)
  region size 2048K, 33 young (67584K), 1 survivors (2048K)
 Metaspace       used 21198K, committed 21504K, reserved 1114112K
  class space    used 2532K, committed 2688K, reserved 1048576K
}
Event: 5.489 GC heap after
{Heap after GC invocations=3 (full 0):
 garbage-first heap   total 260096K, used 13072K [0x0000000702e00000, 0x0000000800000000)
  region size 2048K, 4 young (8192K), 4 survivors (8192K)
 Metaspace       used 21198K, committed 21504K, reserved 1114112K
  class space    used 2532K, committed 2688K, reserved 1048576K
}
Event: 6.895 GC heap before
{Heap before GC invocations=4 (full 0):
 garbage-first heap   total 61440K, used 41744K [0x0000000702e00000, 0x0000000800000000)
  region size 2048K, 18 young (36864K), 4 survivors (8192K)
 Metaspace       used 25947K, committed 26368K, reserved 1114112K
  class space    used 3256K, committed 3456K, reserved 1048576K
}
Event: 6.911 GC heap after
{Heap after GC invocations=5 (full 0):
 garbage-first heap   total 61440K, used 16150K [0x0000000702e00000, 0x0000000800000000)
  region size 2048K, 2 young (4096K), 2 survivors (4096K)
 Metaspace       used 25947K, committed 26368K, reserved 1114112K
  class space    used 3256K, committed 3456K, reserved 1048576K
}
Event: 8.053 GC heap before
{Heap before GC invocations=5 (full 0):
 garbage-first heap   total 61440K, used 42774K [0x0000000702e00000, 0x0000000800000000)
  region size 2048K, 15 young (30720K), 2 survivors (4096K)
 Metaspace       used 31701K, committed 32256K, reserved 1114112K
  class space    used 3912K, committed 4160K, reserved 1048576K
}
Event: 8.059 GC heap after
{Heap after GC invocations=6 (full 0):
 garbage-first heap   total 61440K, used 18278K [0x0000000702e00000, 0x0000000800000000)
  region size 2048K, 2 young (4096K), 2 survivors (4096K)
 Metaspace       used 31701K, committed 32256K, reserved 1114112K
  class space    used 3912K, committed 4160K, reserved 1048576K
}
Event: 8.436 GC heap before
{Heap before GC invocations=6 (full 0):
 garbage-first heap   total 61440K, used 24422K [0x0000000702e00000, 0x0000000800000000)
  region size 2048K, 6 young (12288K), 2 survivors (4096K)
 Metaspace       used 35462K, committed 35968K, reserved 1114112K
  class space    used 4362K, committed 4608K, reserved 1048576K
}
Event: 8.440 GC heap after
{Heap after GC invocations=7 (full 0):
 garbage-first heap   total 61440K, used 18998K [0x0000000702e00000, 0x0000000800000000)
  region size 2048K, 2 young (4096K), 2 survivors (4096K)
 Metaspace       used 35462K, committed 35968K, reserved 1114112K
  class space    used 4362K, committed 4608K, reserved 1048576K
}
Event: 9.891 GC heap before
{Heap before GC invocations=8 (full 0):
 garbage-first heap   total 61440K, used 49718K [0x0000000702e00000, 0x0000000800000000)
  region size 2048K, 17 young (34816K), 2 survivors (4096K)
 Metaspace       used 42745K, committed 43200K, reserved 1114112K
  class space    used 5359K, committed 5568K, reserved 1048576K
}
Event: 9.898 GC heap after
{Heap after GC invocations=9 (full 0):
 garbage-first heap   total 61440K, used 20974K [0x0000000702e00000, 0x0000000800000000)
  region size 2048K, 3 young (6144K), 3 survivors (6144K)
 Metaspace       used 42745K, committed 43200K, reserved 1114112K
  class space    used 5359K, committed 5568K, reserved 1048576K
}
Event: 10.965 GC heap before
{Heap before GC invocations=9 (full 0):
 garbage-first heap   total 61440K, used 49646K [0x0000000702e00000, 0x0000000800000000)
  region size 2048K, 17 young (34816K), 3 survivors (6144K)
 Metaspace       used 49279K, committed 49856K, reserved 1114112K
  class space    used 6269K, committed 6528K, reserved 1048576K
}
Event: 10.973 GC heap after
{Heap after GC invocations=10 (full 0):
 garbage-first heap   total 61440K, used 21781K [0x0000000702e00000, 0x0000000800000000)
  region size 2048K, 3 young (6144K), 3 survivors (6144K)
 Metaspace       used 49279K, committed 49856K, reserved 1114112K
  class space    used 6269K, committed 6528K, reserved 1048576K
}
Event: 11.904 GC heap before
{Heap before GC invocations=10 (full 0):
 garbage-first heap   total 61440K, used 46357K [0x0000000702e00000, 0x0000000800000000)
  region size 2048K, 16 young (32768K), 3 survivors (6144K)
 Metaspace       used 56641K, committed 57216K, reserved 1114112K
  class space    used 7442K, committed 7744K, reserved 1048576K
}
Event: 11.910 GC heap after
{Heap after GC invocations=11 (full 0):
 garbage-first heap   total 61440K, used 22897K [0x0000000702e00000, 0x0000000800000000)
  region size 2048K, 2 young (4096K), 2 survivors (4096K)
 Metaspace       used 56641K, committed 57216K, reserved 1114112K
  class space    used 7442K, committed 7744K, reserved 1048576K
}
Event: 12.410 GC heap before
{Heap before GC invocations=11 (full 0):
 garbage-first heap   total 61440K, used 35185K [0x0000000702e00000, 0x0000000800000000)
  region size 2048K, 10 young (20480K), 2 survivors (4096K)
 Metaspace       used 59768K, committed 60288K, reserved 1114112K
  class space    used 7809K, committed 8064K, reserved 1048576K
}
Event: 12.416 GC heap after
{Heap after GC invocations=12 (full 0):
 garbage-first heap   total 61440K, used 24224K [0x0000000702e00000, 0x0000000800000000)
  region size 2048K, 2 young (4096K), 2 survivors (4096K)
 Metaspace       used 59768K, committed 60288K, reserved 1114112K
  class space    used 7809K, committed 8064K, reserved 1048576K
}
Event: 13.645 GC heap before
{Heap before GC invocations=13 (full 0):
 garbage-first heap   total 61440K, used 50848K [0x0000000702e00000, 0x0000000800000000)
  region size 2048K, 15 young (30720K), 2 survivors (4096K)
 Metaspace       used 63488K, committed 64128K, reserved 1114112K
  class space    used 8409K, committed 8704K, reserved 1048576K
}
Event: 13.652 GC heap after
{Heap after GC invocations=14 (full 0):
 garbage-first heap   total 61440K, used 26662K [0x0000000702e00000, 0x0000000800000000)
  region size 2048K, 2 young (4096K), 2 survivors (4096K)
 Metaspace       used 63488K, committed 64128K, reserved 1114112K
  class space    used 8409K, committed 8704K, reserved 1048576K
}
Event: 66.148 GC heap before
{Heap before GC invocations=14 (full 0):
 garbage-first heap   total 61440K, used 49190K [0x0000000702e00000, 0x0000000800000000)
  region size 2048K, 14 young (28672K), 2 survivors (4096K)
 Metaspace       used 68014K, committed 68736K, reserved 1114112K
  class space    used 9017K, committed 9344K, reserved 1048576K
}
Event: 66.159 GC heap after
{Heap after GC invocations=15 (full 0):
 garbage-first heap   total 61440K, used 27775K [0x0000000702e00000, 0x0000000800000000)
  region size 2048K, 1 young (2048K), 1 survivors (2048K)
 Metaspace       used 68014K, committed 68736K, reserved 1114112K
  class space    used 9017K, committed 9344K, reserved 1048576K
}

